0 info it worked if it ends with ok
1 verbose cli [ '/Users/Yifeng/.nvm/versions/node/v6.3.1/bin/node',
1 verbose cli   '/Users/Yifeng/.nvm/versions/node/v6.3.1/bin/npm',
1 verbose cli   'start' ]
2 info using npm@3.10.3
3 info using node@v6.3.1
4 verbose run-script [ 'prestart', 'start', 'poststart' ]
5 info lifecycle node-js-getting-started@1.0.0~prestart: node-js-getting-started@1.0.0
6 silly lifecycle node-js-getting-started@1.0.0~prestart: no script for prestart, continuing
7 info lifecycle node-js-getting-started@1.0.0~start: node-js-getting-started@1.0.0
8 verbose lifecycle node-js-getting-started@1.0.0~start: unsafe-perm in lifecycle true
9 verbose lifecycle node-js-getting-started@1.0.0~start: PATH: /Users/Yifeng/.nvm/versions/node/v6.3.1/lib/node_modules/npm/bin/node-gyp-bin:/Users/Yifeng/Desktop/playground/indie/jiu-pan-blog/PersonalWeb/node_modules/.bin:/Users/Yifeng/.nvm/versions/node/v6.3.1/bin:/Users/Yifeng/.nvm/versions/node/v6.3.1/bin:/Users/Yifeng/.rvm/gems/ruby-2.2.1/bin:/Users/Yifeng/.rvm/gems/ruby-2.2.1@global/bin:/Users/Yifeng/.rvm/rubies/ruby-2.2.1/bin:/Users/Yifeng/bin:/usr/local/bin:/usr/local/bin:/usr/bin:/bin:/usr/sbin:/sbin:/Users/Yifeng/.rvm/bin
10 verbose lifecycle node-js-getting-started@1.0.0~start: CWD: /Users/Yifeng/Desktop/playground/indie/jiu-pan-blog/PersonalWeb
11 silly lifecycle node-js-getting-started@1.0.0~start: Args: [ '-c', 'node server.js' ]
12 silly lifecycle node-js-getting-started@1.0.0~start: Returned: code: 1  signal: null
13 info lifecycle node-js-getting-started@1.0.0~start: Failed to exec start script
14 verbose stack Error: node-js-getting-started@1.0.0 start: `node server.js`
14 verbose stack Exit status 1
14 verbose stack     at EventEmitter.<anonymous> (/Users/Yifeng/.nvm/versions/node/v6.3.1/lib/node_modules/npm/lib/utils/lifecycle.js:242:16)
14 verbose stack     at emitTwo (events.js:106:13)
14 verbose stack     at EventEmitter.emit (events.js:191:7)
14 verbose stack     at ChildProcess.<anonymous> (/Users/Yifeng/.nvm/versions/node/v6.3.1/lib/node_modules/npm/lib/utils/spawn.js:40:14)
14 verbose stack     at emitTwo (events.js:106:13)
14 verbose stack     at ChildProcess.emit (events.js:191:7)
14 verbose stack     at maybeClose (internal/child_process.js:852:16)
14 verbose stack     at Process.ChildProcess._handle.onexit (internal/child_process.js:215:5)
15 verbose pkgid node-js-getting-started@1.0.0
16 verbose cwd /Users/Yifeng/Desktop/playground/indie/jiu-pan-blog/PersonalWeb
17 error Darwin 15.0.0
18 error argv "/Users/Yifeng/.nvm/versions/node/v6.3.1/bin/node" "/Users/Yifeng/.nvm/versions/node/v6.3.1/bin/npm" "start"
19 error node v6.3.1
20 error npm  v3.10.3
21 error code ELIFECYCLE
22 error node-js-getting-started@1.0.0 start: `node server.js`
22 error Exit status 1
23 error Failed at the node-js-getting-started@1.0.0 start script 'node server.js'.
23 error Make sure you have the latest version of node.js and npm installed.
23 error If you do, this is most likely a problem with the node-js-getting-started package,
23 error not with npm itself.
23 error Tell the author that this fails on your system:
23 error     node server.js
23 error You can get information on how to open an issue for this project with:
23 error     npm bugs node-js-getting-started
23 error Or if that isn't available, you can get their info via:
23 error     npm owner ls node-js-getting-started
23 error There is likely additional logging output above.
24 verbose exit [ 1, true ]
